<html>
<body>
<pre>
<h1>µVision Build Log</h1>
<h2>Project:</h2>
H:\Repertory\SmartGloves\Project\SmartGlove.uvproj
Project File Date:  05/11/2016

<h2>Output:</h2>
Build target 'Target 1'
compiling main.c...
linking...
Program Size: Code=2436 RO-data=368 RW-data=52 ZI-data=1060  
FromELF: creating hex file...
"..\Output\SmartGlove.axf" - 0 Error(s), 0 Warning(s).
compiling stm32f10x_bkp.c...
compiling stm32f10x_can.c...
compiling stm32f10x_cec.c...
compiling stm32f10x_crc.c...
compiling stm32f10x_dac.c...
compiling stm32f10x_dbgmcu.c...
compiling stm32f10x_dma.c...
compiling stm32f10x_exti.c...
compiling stm32f10x_flash.c...
compiling stm32f10x_fsmc.c...
compiling stm32f10x_gpio.c...
compiling stm32f10x_i2c.c...
compiling stm32f10x_iwdg.c...
compiling stm32f10x_pwr.c...
compiling stm32f10x_rcc.c...
compiling stm32f10x_rtc.c...
compiling stm32f10x_sdio.c...
compiling stm32f10x_spi.c...
compiling stm32f10x_tim.c...
compiling stm32f10x_usart.c...
compiling stm32f10x_wwdg.c...
compiling stm32f10x_it.c...
compiling main.c...
..\User\main.c(27): error:  #169: expected a declaration
  <<<<<<< HEAD
..\Driver\Delay\delay.h(50): warning:  #12-D: parsing restarts here after previous syntax error
  void DelayMs(uint32_t nTime);
..\User\main.c(30): error:  #169: expected a declaration
  =======
..\Driver\DMA\bsp_DMA.h(10): warning:  #12-D: parsing restarts here after previous syntax error
  void USART1_Config(void);
..\User\main.c(58): warning:  #223-D: function "USART1_Config" declared implicitly
        USART1_Config();//´®¿Ú1³õÊ¼»¯
..\User\main.c(69): warning:  #223-D: function "DelayMs" declared implicitly
                DelayMs(1500);
..\User\main.c: 4 warnings, 2 errors
compiling core_cm3.c...
compiling system_stm32f10x.c...
"..\Output\SmartGlove.axf" - 2 Error(s), 4 Warning(s).
Target not created
